  [1m[36m (239.9ms)[0m  [1mCREATE TABLE `schema_migrations` (`version` varchar(255) NOT NULL) ENGINE=InnoDB[0m
  [1m[35m (269.6ms)[0m  CREATE UNIQUE INDEX `unique_schema_migrations`  ON `schema_migrations` (`version`) 
  [1m[36mActiveRecord::SchemaMigration Load (2.3ms)[0m  [1mSELECT `schema_migrations`.* FROM `schema_migrations`[0m


Started GET "/" for 84.14.52.147 at 2014-11-25 12:59:34 +0000
Processing by Rails::WelcomeController#index as HTML
  Rendered /home/action/.gem/ruby/2.1.1/gems/railties-4.1.0/lib/rails/templates/rails/welcome/index.html.erb (3.3ms)
Completed 200 OK in 63ms (Views: 33.9ms | ActiveRecord: 0.0ms)
  [1m[36mActiveRecord::SchemaMigration Load (0.3ms)[0m  [1mSELECT `schema_migrations`.* FROM `schema_migrations`[0m
Migrating to CreateArticles (20141125130518)
  [1m[35m (1161.6ms)[0m  CREATE TABLE `articles` (`id` int(11) auto_increment PRIMARY KEY, `title` varchar(255), `preview` text, `corpse` text, `created_at` datetime, `updated_at` datetime) ENGINE=InnoDB
  [1m[36m (0.2ms)[0m  [1mBEGIN[0m
  [1m[35mSQL (0.5ms)[0m  INSERT INTO `schema_migrations` (`version`) VALUES ('20141125130518')
  [1m[36m (9.4ms)[0m  [1mCOMMIT[0m
  [1m[35mActiveRecord::SchemaMigration Load (0.3ms)[0m  SELECT `schema_migrations`.* FROM `schema_migrations`


Started GET "/" for 84.14.52.147 at 2014-11-25 13:06:31 +0000
  [1m[36mActiveRecord::SchemaMigration Load (0.3ms)[0m  [1mSELECT `schema_migrations`.* FROM `schema_migrations`[0m
Processing by Rails::WelcomeController#index as HTML
  Rendered /home/action/.gem/ruby/2.1.1/gems/railties-4.1.0/lib/rails/templates/rails/welcome/index.html.erb (2.4ms)
Completed 200 OK in 34ms (Views: 10.6ms | ActiveRecord: 0.0ms)


Started GET "/articles" for 84.14.52.147 at 2014-11-25 13:06:41 +0000
Processing by ArticlesController#index as HTML
  [1m[35mArticle Load (0.5ms)[0m  SELECT `articles`.* FROM `articles`
  Rendered articles/index.html.erb within layouts/application (5.4ms)
Completed 200 OK in 1752ms (Views: 1748.3ms | ActiveRecord: 0.5ms)


Started GET "/assets/articles.css?body=1" for 84.14.52.147 at 2014-11-25 13:06:43 +0000


Started GET "/assets/jquery_ujs.js?body=1" for 84.14.52.147 at 2014-11-25 13:06:43 +0000


Started GET "/assets/application.css?body=1" for 84.14.52.147 at 2014-11-25 13:06:43 +0000


Started GET "/assets/scaffolds.css?body=1" for 84.14.52.147 at 2014-11-25 13:06:43 +0000


Started GET "/assets/turbolinks.js?body=1" for 84.14.52.147 at 2014-11-25 13:06:43 +0000


Started GET "/assets/jquery.js?body=1" for 84.14.52.147 at 2014-11-25 13:06:43 +0000


Started GET "/assets/articles.js?body=1" for 84.14.52.147 at 2014-11-25 13:06:43 +0000


Started GET "/assets/application.js?body=1" for 84.14.52.147 at 2014-11-25 13:06:43 +0000


Started GET "/articles" for 84.14.52.147 at 2014-11-25 13:07:47 +0000
Processing by ArticlesController#index as HTML
  [1m[36mArticle Load (0.5ms)[0m  [1mSELECT `articles`.* FROM `articles`[0m
  Rendered articles/index.html.erb within layouts/application (2.7ms)
Completed 200 OK in 58ms (Views: 56.5ms | ActiveRecord: 0.5ms)


Started GET "/assets/application.css?body=1" for 84.14.52.147 at 2014-11-25 13:07:47 +0000


Started GET "/assets/jquery.js?body=1" for 84.14.52.147 at 2014-11-25 13:07:47 +0000


Started GET "/assets/scaffolds.css?body=1" for 84.14.52.147 at 2014-11-25 13:07:47 +0000


Started GET "/assets/articles.css?body=1" for 84.14.52.147 at 2014-11-25 13:07:47 +0000


Started GET "/assets/jquery_ujs.js?body=1" for 84.14.52.147 at 2014-11-25 13:07:47 +0000


Started GET "/assets/articles.js?body=1" for 84.14.52.147 at 2014-11-25 13:07:47 +0000


Started GET "/assets/application.js?body=1" for 84.14.52.147 at 2014-11-25 13:07:47 +0000


Started GET "/assets/turbolinks.js?body=1" for 84.14.52.147 at 2014-11-25 13:07:48 +0000


Started GET "/articles/new" for 84.14.52.147 at 2014-11-25 13:07:50 +0000
Processing by ArticlesController#new as HTML
  Rendered articles/_form.html.erb (131.3ms)
  Rendered articles/new.html.erb within layouts/application (176.3ms)
Completed 200 OK in 284ms (Views: 276.2ms | ActiveRecord: 2.7ms)


Started POST "/articles" for 84.14.52.147 at 2014-11-25 13:08:19 +0000
Processing by ArticlesController#create as HTML
  Parameters: {"utf8"=>"✓", "authenticity_token"=>"DPqH6LErPl8mf+QmhcKoiQQtMIUeO9syI3pk7hPqEKg=", "article"=>{"title"=>"First Article", "preview"=>"This is the first article", "corpse"=>"Lorem ispum, est hierq glorum fuis"}, "commit"=>"Create Article"}
  [1m[35m (3.4ms)[0m  BEGIN
  [1m[36mSQL (0.5ms)[0m  [1mINSERT INTO `articles` (`corpse`, `created_at`, `preview`, `title`, `updated_at`) VALUES ('Lorem ispum, est hierq glorum fuis', '2014-11-25 13:08:19', 'This is the first article', 'First Article', '2014-11-25 13:08:19')[0m
  [1m[35m (5.7ms)[0m  COMMIT
Redirected to http://nicobox-1-169480.euw1-2.nitrousbox.com/articles/1
Completed 302 Found in 16ms (ActiveRecord: 9.6ms)


Started GET "/articles/1" for 84.14.52.147 at 2014-11-25 13:08:19 +0000
Processing by ArticlesController#show as HTML
  Parameters: {"id"=>"1"}
  [1m[36mArticle Load (0.5ms)[0m  [1mSELECT  `articles`.* FROM `articles`  WHERE `articles`.`id` = 1 LIMIT 1[0m
  Rendered articles/show.html.erb within layouts/application (1.0ms)
Completed 200 OK in 128ms (Views: 121.6ms | ActiveRecord: 0.5ms)


Started GET "/assets/jquery.js?body=1" for 84.14.52.147 at 2014-11-25 13:08:20 +0000


Started GET "/assets/jquery_ujs.js?body=1" for 84.14.52.147 at 2014-11-25 13:08:20 +0000


Started GET "/assets/application.css?body=1" for 84.14.52.147 at 2014-11-25 13:08:20 +0000


Started GET "/assets/turbolinks.js?body=1" for 84.14.52.147 at 2014-11-25 13:08:20 +0000


Started GET "/assets/scaffolds.css?body=1" for 84.14.52.147 at 2014-11-25 13:08:20 +0000


Started GET "/assets/articles.js?body=1" for 84.14.52.147 at 2014-11-25 13:08:20 +0000


Started GET "/assets/application.js?body=1" for 84.14.52.147 at 2014-11-25 13:08:20 +0000


Started GET "/assets/articles.css?body=1" for 84.14.52.147 at 2014-11-25 13:08:23 +0000


Started GET "/articles" for 84.14.52.147 at 2014-11-25 13:08:27 +0000
Processing by ArticlesController#index as HTML
  [1m[35mArticle Load (0.5ms)[0m  SELECT `articles`.* FROM `articles`
  Rendered articles/index.html.erb within layouts/application (3.2ms)
Completed 200 OK in 98ms (Views: 97.1ms | ActiveRecord: 0.5ms)


Started GET "/articles/1" for 84.14.52.147 at 2014-11-25 13:08:50 +0000
Processing by ArticlesController#show as HTML
  Parameters: {"id"=>"1"}
  [1m[36mArticle Load (0.4ms)[0m  [1mSELECT  `articles`.* FROM `articles`  WHERE `articles`.`id` = 1 LIMIT 1[0m
  Rendered articles/show.html.erb within layouts/application (0.5ms)
Completed 200 OK in 55ms (Views: 53.0ms | ActiveRecord: 0.4ms)


Started GET "/assets/articles.css?body=1" for 84.14.52.147 at 2014-11-25 13:08:50 +0000


Started GET "/assets/articles.js?body=1" for 84.14.52.147 at 2014-11-25 13:08:50 +0000


Started GET "/assets/application.js?body=1" for 84.14.52.147 at 2014-11-25 13:08:50 +0000


Started GET "/assets/jquery_ujs.js?body=1" for 84.14.52.147 at 2014-11-25 13:08:50 +0000


Started GET "/assets/jquery.js?body=1" for 84.14.52.147 at 2014-11-25 13:08:50 +0000


Started GET "/assets/scaffolds.css?body=1" for 84.14.52.147 at 2014-11-25 13:08:50 +0000


Started GET "/assets/turbolinks.js?body=1" for 84.14.52.147 at 2014-11-25 13:08:50 +0000


Started GET "/assets/application.css?body=1" for 84.14.52.147 at 2014-11-25 13:08:51 +0000


Started GET "/articles/new" for 84.14.52.147 at 2014-11-25 13:09:10 +0000
Processing by ArticlesController#new as HTML
  Rendered articles/_form.html.erb (7.0ms)
  Rendered articles/new.html.erb within layouts/application (17.1ms)
Completed 200 OK in 177ms (Views: 171.3ms | ActiveRecord: 0.0ms)


Started POST "/articles" for 84.14.52.147 at 2014-11-25 13:09:41 +0000
Processing by ArticlesController#create as HTML
  Parameters: {"utf8"=>"✓", "authenticity_token"=>"DPqH6LErPl8mf+QmhcKoiQQtMIUeO9syI3pk7hPqEKg=", "article"=>{"title"=>"On destroy example", "preview"=>"Let's show some preview", "corpse"=>"Blaabla"}, "commit"=>"Create Article"}
  [1m[35m (1.1ms)[0m  BEGIN
  [1m[36mSQL (4.2ms)[0m  [1mINSERT INTO `articles` (`corpse`, `created_at`, `preview`, `title`, `updated_at`) VALUES ('Blaabla', '2014-11-25 13:09:41', 'Let\'s show some preview', 'On destroy example', '2014-11-25 13:09:41')[0m
  [1m[35m (33.1ms)[0m  COMMIT
Redirected to http://nicobox-1-169480.euw1-2.nitrousbox.com/articles/2
Completed 302 Found in 56ms (ActiveRecord: 38.4ms)


Started GET "/articles/2" for 84.14.52.147 at 2014-11-25 13:09:42 +0000
Processing by ArticlesController#show as HTML
  Parameters: {"id"=>"2"}
  [1m[36mArticle Load (2.9ms)[0m  [1mSELECT  `articles`.* FROM `articles`  WHERE `articles`.`id` = 2 LIMIT 1[0m
  Rendered articles/show.html.erb within layouts/application (0.5ms)
Completed 200 OK in 174ms (Views: 169.7ms | ActiveRecord: 2.9ms)


Started GET "/assets/application.css?body=1" for 84.14.52.147 at 2014-11-25 13:09:42 +0000


Started GET "/assets/turbolinks.js?body=1" for 84.14.52.147 at 2014-11-25 13:09:42 +0000


Started GET "/assets/jquery_ujs.js?body=1" for 84.14.52.147 at 2014-11-25 13:09:42 +0000


Started GET "/assets/articles.css?body=1" for 84.14.52.147 at 2014-11-25 13:09:42 +0000


Started GET "/assets/application.js?body=1" for 84.14.52.147 at 2014-11-25 13:09:42 +0000


Started GET "/assets/articles.js?body=1" for 84.14.52.147 at 2014-11-25 13:09:42 +0000


Started GET "/assets/jquery.js?body=1" for 84.14.52.147 at 2014-11-25 13:09:42 +0000


Started GET "/assets/scaffolds.css?body=1" for 84.14.52.147 at 2014-11-25 13:09:43 +0000


Started GET "/articles" for 84.14.52.147 at 2014-11-25 13:09:45 +0000
Processing by ArticlesController#index as HTML
  [1m[35mArticle Load (0.4ms)[0m  SELECT `articles`.* FROM `articles`
  Rendered articles/index.html.erb within layouts/application (6.0ms)
Completed 200 OK in 115ms (Views: 113.7ms | ActiveRecord: 0.4ms)


Started DELETE "/articles/2" for 84.14.52.147 at 2014-11-25 13:09:50 +0000
Processing by ArticlesController#destroy as HTML
  Parameters: {"authenticity_token"=>"DPqH6LErPl8mf+QmhcKoiQQtMIUeO9syI3pk7hPqEKg=", "id"=>"2"}
  [1m[36mArticle Load (0.5ms)[0m  [1mSELECT  `articles`.* FROM `articles`  WHERE `articles`.`id` = 2 LIMIT 1[0m
  [1m[35m (0.1ms)[0m  BEGIN
  [1m[36mSQL (1.7ms)[0m  [1mDELETE FROM `articles` WHERE `articles`.`id` = 2[0m
  [1m[35m (24.0ms)[0m  COMMIT
Redirected to http://nicobox-1-169480.euw1-2.nitrousbox.com/articles
Completed 302 Found in 41ms (ActiveRecord: 26.3ms)


Started GET "/articles" for 84.14.52.147 at 2014-11-25 13:09:51 +0000
Processing by ArticlesController#index as HTML
  [1m[36mArticle Load (0.5ms)[0m  [1mSELECT `articles`.* FROM `articles`[0m
  Rendered articles/index.html.erb within layouts/application (2.9ms)
Completed 200 OK in 207ms (Views: 205.8ms | ActiveRecord: 0.5ms)


Started GET "/assets/application.css?body=1" for 84.14.52.147 at 2014-11-25 13:09:51 +0000


Started GET "/assets/articles.js?body=1" for 84.14.52.147 at 2014-11-25 13:09:51 +0000


Started GET "/assets/turbolinks.js?body=1" for 84.14.52.147 at 2014-11-25 13:09:51 +0000


Started GET "/assets/scaffolds.css?body=1" for 84.14.52.147 at 2014-11-25 13:09:51 +0000


Started GET "/assets/jquery.js?body=1" for 84.14.52.147 at 2014-11-25 13:09:51 +0000


Started GET "/assets/articles.css?body=1" for 84.14.52.147 at 2014-11-25 13:09:51 +0000


Started GET "/assets/jquery_ujs.js?body=1" for 84.14.52.147 at 2014-11-25 13:09:51 +0000


Started GET "/assets/application.js?body=1" for 84.14.52.147 at 2014-11-25 13:09:51 +0000


Started GET "/articles/new" for 84.14.52.147 at 2014-11-25 13:09:53 +0000
Processing by ArticlesController#new as HTML
  Rendered articles/_form.html.erb (3.2ms)
  Rendered articles/new.html.erb within layouts/application (4.5ms)
Completed 200 OK in 65ms (Views: 63.8ms | ActiveRecord: 0.0ms)


Started POST "/articles" for 84.14.52.147 at 2014-11-25 13:10:16 +0000
Processing by ArticlesController#create as HTML
  Parameters: {"utf8"=>"✓", "authenticity_token"=>"DPqH6LErPl8mf+QmhcKoiQQtMIUeO9syI3pk7hPqEKg=", "article"=>{"title"=>"Third example", "preview"=>"This is the preview of the third example", "corpse"=>"Blabla again"}, "commit"=>"Create Article"}
  [1m[35m (5.1ms)[0m  BEGIN
  [1m[36mSQL (0.9ms)[0m  [1mINSERT INTO `articles` (`corpse`, `created_at`, `preview`, `title`, `updated_at`) VALUES ('Blabla again', '2014-11-25 13:10:16', 'This is the preview of the third example', 'Third example', '2014-11-25 13:10:16')[0m
  [1m[35m (12.7ms)[0m  COMMIT
Redirected to http://nicobox-1-169480.euw1-2.nitrousbox.com/articles/3
Completed 302 Found in 25ms (ActiveRecord: 18.7ms)


Started GET "/articles/3" for 84.14.52.147 at 2014-11-25 13:10:17 +0000
Processing by ArticlesController#show as HTML
  Parameters: {"id"=>"3"}
  [1m[36mArticle Load (2.5ms)[0m  [1mSELECT  `articles`.* FROM `articles`  WHERE `articles`.`id` = 3 LIMIT 1[0m
  Rendered articles/show.html.erb within layouts/application (0.5ms)
Completed 200 OK in 86ms (Views: 81.8ms | ActiveRecord: 2.5ms)


Started GET "/assets/turbolinks.js?body=1" for 84.14.52.147 at 2014-11-25 13:10:17 +0000


Started GET "/assets/jquery_ujs.js?body=1" for 84.14.52.147 at 2014-11-25 13:10:17 +0000


Started GET "/assets/application.css?body=1" for 84.14.52.147 at 2014-11-25 13:10:17 +0000


Started GET "/assets/articles.css?body=1" for 84.14.52.147 at 2014-11-25 13:10:17 +0000


Started GET "/assets/scaffolds.css?body=1" for 84.14.52.147 at 2014-11-25 13:10:17 +0000


Started GET "/assets/jquery.js?body=1" for 84.14.52.147 at 2014-11-25 13:10:17 +0000


Started GET "/assets/articles.js?body=1" for 84.14.52.147 at 2014-11-25 13:10:17 +0000


Started GET "/assets/application.js?body=1" for 84.14.52.147 at 2014-11-25 13:10:17 +0000


Started GET "/articles" for 84.14.52.147 at 2014-11-25 13:10:19 +0000
Processing by ArticlesController#index as HTML
  [1m[35mArticle Load (0.4ms)[0m  SELECT `articles`.* FROM `articles`
  Rendered articles/index.html.erb within layouts/application (3.4ms)
Completed 200 OK in 76ms (Views: 74.1ms | ActiveRecord: 0.4ms)


Started GET "/articles/1/edit" for 84.14.52.147 at 2014-11-25 13:12:50 +0000
Processing by ArticlesController#edit as HTML
  Parameters: {"id"=>"1"}
  [1m[36mArticle Load (0.4ms)[0m  [1mSELECT  `articles`.* FROM `articles`  WHERE `articles`.`id` = 1 LIMIT 1[0m
  Rendered articles/_form.html.erb (5.9ms)
  Rendered articles/edit.html.erb within layouts/application (8.4ms)
Completed 200 OK in 79ms (Views: 76.9ms | ActiveRecord: 0.4ms)


Started PATCH "/articles/1" for 84.14.52.147 at 2014-11-25 13:12:59 +0000
Processing by ArticlesController#update as HTML
  Parameters: {"utf8"=>"✓", "authenticity_token"=>"DPqH6LErPl8mf+QmhcKoiQQtMIUeO9syI3pk7hPqEKg=", "article"=>{"title"=>"First Article", "preview"=>"This is the first article", "corpse"=>"Lorem ispum, est hierae glorum fuis"}, "commit"=>"Update Article", "id"=>"1"}
  [1m[35mArticle Load (0.5ms)[0m  SELECT  `articles`.* FROM `articles`  WHERE `articles`.`id` = 1 LIMIT 1
  [1m[36m (0.3ms)[0m  [1mBEGIN[0m
  [1m[35mSQL (0.5ms)[0m  UPDATE `articles` SET `corpse` = 'Lorem ispum, est hierae glorum fuis', `updated_at` = '2014-11-25 13:12:59' WHERE `articles`.`id` = 1
  [1m[36m (75.0ms)[0m  [1mCOMMIT[0m
Redirected to http://nicobox-1-169480.euw1-2.nitrousbox.com/articles/1
Completed 302 Found in 90ms (ActiveRecord: 76.3ms)


Started GET "/articles/1" for 84.14.52.147 at 2014-11-25 13:12:59 +0000
Processing by ArticlesController#show as HTML
  Parameters: {"id"=>"1"}
  [1m[35mArticle Load (0.5ms)[0m  SELECT  `articles`.* FROM `articles`  WHERE `articles`.`id` = 1 LIMIT 1
  Rendered articles/show.html.erb within layouts/application (0.5ms)
Completed 200 OK in 91ms (Views: 86.1ms | ActiveRecord: 0.5ms)


Started GET "/assets/articles.css?body=1" for 84.14.52.147 at 2014-11-25 13:13:00 +0000


Started GET "/assets/articles.js?body=1" for 84.14.52.147 at 2014-11-25 13:13:00 +0000


Started GET "/assets/scaffolds.css?body=1" for 84.14.52.147 at 2014-11-25 13:13:00 +0000


Started GET "/assets/application.css?body=1" for 84.14.52.147 at 2014-11-25 13:13:00 +0000


Started GET "/assets/application.js?body=1" for 84.14.52.147 at 2014-11-25 13:13:00 +0000


Started GET "/assets/jquery.js?body=1" for 84.14.52.147 at 2014-11-25 13:13:00 +0000


Started GET "/assets/turbolinks.js?body=1" for 84.14.52.147 at 2014-11-25 13:13:00 +0000


Started GET "/assets/jquery_ujs.js?body=1" for 84.14.52.147 at 2014-11-25 13:13:00 +0000


Started GET "/articles" for 84.14.52.147 at 2014-11-25 13:13:02 +0000
Processing by ArticlesController#index as HTML
  [1m[36mArticle Load (2.0ms)[0m  [1mSELECT `articles`.* FROM `articles`[0m
  Rendered articles/index.html.erb within layouts/application (5.6ms)
Completed 200 OK in 203ms (Views: 199.3ms | ActiveRecord: 2.0ms)


Started GET "/articles" for 84.14.52.147 at 2014-11-25 13:24:11 +0000
  [1m[36mActiveRecord::SchemaMigration Load (0.4ms)[0m  [1mSELECT `schema_migrations`.* FROM `schema_migrations`[0m
Processing by ArticlesController#index as HTML
  [1m[35mArticle Load (8.3ms)[0m  SELECT `articles`.* FROM `articles`
  Rendered articles/index.html.erb within layouts/application (33.0ms)
Completed 200 OK in 305ms (Views: 233.7ms | ActiveRecord: 16.1ms)


Started GET "/assets/jquery.js?body=1" for 84.14.52.147 at 2014-11-25 13:24:12 +0000


Started GET "/assets/application.css?body=1" for 84.14.52.147 at 2014-11-25 13:24:12 +0000


Started GET "/assets/scaffolds.css?body=1" for 84.14.52.147 at 2014-11-25 13:24:12 +0000


Started GET "/assets/turbolinks.js?body=1" for 84.14.52.147 at 2014-11-25 13:24:12 +0000


Started GET "/assets/jquery_ujs.js?body=1" for 84.14.52.147 at 2014-11-25 13:24:12 +0000


Started GET "/assets/articles.css?body=1" for 84.14.52.147 at 2014-11-25 13:24:12 +0000


Started GET "/assets/articles.js?body=1" for 84.14.52.147 at 2014-11-25 13:24:12 +0000


Started GET "/assets/application.js?body=1" for 84.14.52.147 at 2014-11-25 13:24:12 +0000


Started GET "/articles/1" for 84.14.52.147 at 2014-11-25 13:24:15 +0000
Processing by ArticlesController#show as HTML
  Parameters: {"id"=>"1"}
  [1m[36mArticle Load (0.5ms)[0m  [1mSELECT  `articles`.* FROM `articles`  WHERE `articles`.`id` = 1 LIMIT 1[0m
  Rendered articles/show.html.erb within layouts/application (1.2ms)
Completed 200 OK in 58ms (Views: 54.4ms | ActiveRecord: 0.5ms)


Started GET "/articles/3" for 84.14.52.147 at 2014-11-25 13:24:18 +0000
Processing by ArticlesController#show as HTML
  Parameters: {"id"=>"3"}
  [1m[35mArticle Load (0.5ms)[0m  SELECT  `articles`.* FROM `articles`  WHERE `articles`.`id` = 3 LIMIT 1
  Rendered articles/show.html.erb within layouts/application (0.4ms)
Completed 200 OK in 90ms (Views: 87.3ms | ActiveRecord: 0.5ms)


Started GET "/" for 84.14.52.147 at 2014-11-25 13:24:23 +0000
Processing by Rails::WelcomeController#index as HTML
  Rendered /home/action/.gem/ruby/2.1.1/gems/railties-4.1.0/lib/rails/templates/rails/welcome/index.html.erb (1.1ms)
Completed 200 OK in 3ms (Views: 2.7ms | ActiveRecord: 0.0ms)
  [1m[36mArticle Load (0.5ms)[0m  [1mSELECT `articles`.* FROM `articles`[0m
  [1m[36m (0.2ms)[0m  [1mBEGIN[0m
  [1m[35m (0.3ms)[0m  ROLLBACK
  [1m[36mActiveRecord::SchemaMigration Load (0.3ms)[0m  [1mSELECT `schema_migrations`.* FROM `schema_migrations`[0m
Migrating to CreateUsers (20141125135500)
  [1m[35m (86.4ms)[0m  CREATE TABLE `users` (`id` int(11) auto_increment PRIMARY KEY, `name` varchar(255), `firstname` varchar(255), `email` varchar(255), `pwd` varchar(255), `age` int(11), `dob` varchar(255), `created_at` datetime, `updated_at` datetime) ENGINE=InnoDB
  [1m[36m (9.6ms)[0m  [1mBEGIN[0m
  [1m[35mSQL (1.0ms)[0m  INSERT INTO `schema_migrations` (`version`) VALUES ('20141125135500')
  [1m[36m (18.9ms)[0m  [1mCOMMIT[0m
  [1m[35mActiveRecord::SchemaMigration Load (0.3ms)[0m  SELECT `schema_migrations`.* FROM `schema_migrations`
  [1m[36mActiveRecord::SchemaMigration Load (0.3ms)[0m  [1mSELECT `schema_migrations`.* FROM `schema_migrations`[0m
Migrating to CreateComments (20141125141530)
  [1m[35m (71.4ms)[0m  CREATE TABLE `comments` (`id` int(11) auto_increment PRIMARY KEY, `corpse` text, `created_at` datetime, `updated_at` datetime) ENGINE=InnoDB
  [1m[36m (0.2ms)[0m  [1mBEGIN[0m
  [1m[35mSQL (1.0ms)[0m  INSERT INTO `schema_migrations` (`version`) VALUES ('20141125141530')
  [1m[36m (4.6ms)[0m  [1mCOMMIT[0m
  [1m[35mActiveRecord::SchemaMigration Load (0.4ms)[0m  SELECT `schema_migrations`.* FROM `schema_migrations`
  [1m[36m (0.2ms)[0m  [1mBEGIN[0m
  [1m[35mUser Exists (1.0ms)[0m  SELECT  1 AS one FROM `users`  WHERE `users`.`email` = 'nicolas.hayet@epita.fr' LIMIT 1
  [1m[36mSQL (0.5ms)[0m  [1mINSERT INTO `users` (`created_at`, `email`, `pwd`, `updated_at`) VALUES ('2014-11-25 15:19:48', 'nicolas.hayet@epita.fr', 'nicthebest', '2014-11-25 15:19:48')[0m
  [1m[35m (52.3ms)[0m  COMMIT
  [1m[36mUser Load (0.5ms)[0m  [1mSELECT  `users`.* FROM `users`  WHERE `users`.`id` = 1 LIMIT 1[0m
  [1m[35m (0.3ms)[0m  BEGIN
  [1m[36mSQL (1.8ms)[0m  [1mINSERT INTO `comments` (`corpse`, `created_at`, `updated_at`) VALUES ('Premier commentaire.', '2014-11-25 15:26:52', '2014-11-25 15:26:52')[0m
  [1m[35m (45.6ms)[0m  COMMIT


Started GET "/articles/1" for 84.14.52.147 at 2014-11-25 15:27:46 +0000
  [1m[36mActiveRecord::SchemaMigration Load (4.1ms)[0m  [1mSELECT `schema_migrations`.* FROM `schema_migrations`[0m
Processing by ArticlesController#show as HTML
  Parameters: {"id"=>"1"}
  [1m[35mArticle Load (0.4ms)[0m  SELECT  `articles`.* FROM `articles`  WHERE `articles`.`id` = 1 LIMIT 1
  Rendered articles/show.html.erb within layouts/application (16.3ms)
Completed 200 OK in 1361ms (Views: 1303.1ms | ActiveRecord: 4.0ms)


Started GET "/assets/scaffolds.css?body=1" for 84.14.52.147 at 2014-11-25 15:27:49 +0000


Started GET "/assets/articles.css?body=1" for 84.14.52.147 at 2014-11-25 15:27:49 +0000


Started GET "/assets/application.css?body=1" for 84.14.52.147 at 2014-11-25 15:27:49 +0000


Started GET "/assets/comments.css?body=1" for 84.14.52.147 at 2014-11-25 15:27:49 +0000


Started GET "/assets/jquery.js?body=1" for 84.14.52.147 at 2014-11-25 15:27:49 +0000


Started GET "/assets/users.css?body=1" for 84.14.52.147 at 2014-11-25 15:27:49 +0000


Started GET "/assets/turbolinks.js?body=1" for 84.14.52.147 at 2014-11-25 15:27:49 +0000


Started GET "/assets/jquery_ujs.js?body=1" for 84.14.52.147 at 2014-11-25 15:27:49 +0000


Started GET "/assets/application.js?body=1" for 84.14.52.147 at 2014-11-25 15:27:49 +0000


Started GET "/assets/comments.js?body=1" for 84.14.52.147 at 2014-11-25 15:27:49 +0000


Started GET "/assets/articles.js?body=1" for 84.14.52.147 at 2014-11-25 15:27:49 +0000


Started GET "/assets/users.js?body=1" for 84.14.52.147 at 2014-11-25 15:27:49 +0000


Started GET "/comment" for 84.14.52.147 at 2014-11-25 15:27:53 +0000

ActionController::RoutingError (No route matches [GET] "/comment"):
  actionpack (4.1.0) lib/action_dispatch/middleware/debug_exceptions.rb:21:in `call'
  actionpack (4.1.0) lib/action_dispatch/middleware/show_exceptions.rb:30:in `call'
  railties (4.1.0) lib/rails/rack/logger.rb:38:in `call_app'
  railties (4.1.0) lib/rails/rack/logger.rb:20:in `block in call'
  activesupport (4.1.0) lib/active_support/tagged_logging.rb:68:in `block in tagged'
  activesupport (4.1.0) lib/active_support/tagged_logging.rb:26:in `tagged'
  activesupport (4.1.0) lib/active_support/tagged_logging.rb:68:in `tagged'
  railties (4.1.0) lib/rails/rack/logger.rb:20:in `call'
  actionpack (4.1.0) lib/action_dispatch/middleware/request_id.rb:21:in `call'
  rack (1.5.2) lib/rack/methodoverride.rb:21:in `call'
  rack (1.5.2) lib/rack/runtime.rb:17:in `call'
  activesupport (4.1.0) lib/active_support/cache/strategy/local_cache_middleware.rb:26:in `call'
  rack (1.5.2) lib/rack/lock.rb:17:in `call'
  actionpack (4.1.0) lib/action_dispatch/middleware/static.rb:64:in `call'
  rack (1.5.2) lib/rack/sendfile.rb:112:in `call'
  railties (4.1.0) lib/rails/engine.rb:514:in `call'
  railties (4.1.0) lib/rails/application.rb:144:in `call'
  rack (1.5.2) lib/rack/lock.rb:17:in `call'
  rack (1.5.2) lib/rack/content_length.rb:14:in `call'
  rack (1.5.2) lib/rack/handler/webrick.rb:60:in `service'
  /home/action/.parts/packages/ruby2.1/2.1.1/lib/ruby/2.1.0/webrick/httpserver.rb:138:in `service'
  /home/action/.parts/packages/ruby2.1/2.1.1/lib/ruby/2.1.0/webrick/httpserver.rb:94:in `run'
  /home/action/.parts/packages/ruby2.1/2.1.1/lib/ruby/2.1.0/webrick/server.rb:295:in `block in start_thread'


  Rendered /home/action/.gem/ruby/2.1.1/gems/actionpack-4.1.0/lib/action_dispatch/middleware/templates/rescues/_trace.html.erb (2.0ms)
  Rendered /home/action/.gem/ruby/2.1.1/gems/actionpack-4.1.0/lib/action_dispatch/middleware/templates/routes/_route.html.erb (3.6ms)
  Rendered /home/action/.gem/ruby/2.1.1/gems/actionpack-4.1.0/lib/action_dispatch/middleware/templates/routes/_table.html.erb (60.1ms)
  Rendered /home/action/.gem/ruby/2.1.1/gems/actionpack-4.1.0/lib/action_dispatch/middleware/templates/rescues/routing_error.html.erb within rescues/layout (211.1ms)


Started GET "/comments" for 84.14.52.147 at 2014-11-25 15:28:08 +0000
Processing by CommentsController#index as HTML
  [1m[36mComment Load (4.8ms)[0m  [1mSELECT `comments`.* FROM `comments`[0m
  Rendered comments/index.html.erb within layouts/application (35.2ms)
Completed 200 OK in 281ms (Views: 235.5ms | ActiveRecord: 6.7ms)


Started GET "/assets/turbolinks.js?body=1" for 84.14.52.147 at 2014-11-25 15:28:09 +0000


Started GET "/assets/application.js?body=1" for 84.14.52.147 at 2014-11-25 15:28:09 +0000


Started GET "/assets/articles.js?body=1" for 84.14.52.147 at 2014-11-25 15:28:09 +0000


Started GET "/assets/application.css?body=1" for 84.14.52.147 at 2014-11-25 15:28:09 +0000


Started GET "/assets/jquery_ujs.js?body=1" for 84.14.52.147 at 2014-11-25 15:28:09 +0000


Started GET "/assets/jquery.js?body=1" for 84.14.52.147 at 2014-11-25 15:28:09 +0000


Started GET "/assets/articles.css?body=1" for 84.14.52.147 at 2014-11-25 15:28:09 +0000


Started GET "/assets/scaffolds.css?body=1" for 84.14.52.147 at 2014-11-25 15:28:09 +0000


Started GET "/comments/1/edit" for 84.14.52.147 at 2014-11-25 15:28:12 +0000
Processing by CommentsController#edit as HTML
  Parameters: {"id"=>"1"}
  [1m[35mComment Load (0.5ms)[0m  SELECT  `comments`.* FROM `comments`  WHERE `comments`.`id` = 1 LIMIT 1
  Rendered comments/_form.html.erb (16.4ms)
  Rendered comments/edit.html.erb within layouts/application (19.0ms)
Completed 200 OK in 200ms (Views: 197.4ms | ActiveRecord: 0.5ms)


Started GET "/" for 81.56.115.98 at 2015-04-06 19:14:39 +0000


Started GET "/" for 81.56.115.98 at 2015-04-06 19:16:42 +0000

Mysql2::Error (Can't connect to local MySQL server through socket '/tmp/mysql.sock' (2)):
  mysql2 (0.3.17) lib/mysql2/client.rb:70:in `connect'
  mysql2 (0.3.17) lib/mysql2/client.rb:70:in `initialize'
  activerecord (4.1.0) lib/active_record/connection_adapters/mysql2_adapter.rb:18:in `new'
  activerecord (4.1.0) lib/active_record/connection_adapters/mysql2_adapter.rb:18:in `mysql2_connection'
  activerecord (4.1.0) lib/active_record/connection_adapters/abstract/connection_pool.rb:435:in `new_connection'
  activerecord (4.1.0) lib/active_record/connection_adapters/abstract/connection_pool.rb:445:in `checkout_new_connection'
  activerecord (4.1.0) lib/active_record/connection_adapters/abstract/connection_pool.rb:416:in `acquire_connection'
  activerecord (4.1.0) lib/active_record/connection_adapters/abstract/connection_pool.rb:351:in `block in checkout'
  /home/action/.parts/packages/ruby2.1/2.1.1/lib/ruby/2.1.0/monitor.rb:211:in `mon_synchronize'
  activerecord (4.1.0) lib/active_record/connection_adapters/abstract/connection_pool.rb:350:in `checkout'
  activerecord (4.1.0) lib/active_record/connection_adapters/abstract/connection_pool.rb:265:in `block in connection'
  /home/action/.parts/packages/ruby2.1/2.1.1/lib/ruby/2.1.0/monitor.rb:211:in `mon_synchronize'
  activerecord (4.1.0) lib/active_record/connection_adapters/abstract/connection_pool.rb:264:in `connection'
  activerecord (4.1.0) lib/active_record/connection_adapters/abstract/connection_pool.rb:541:in `retrieve_connection'
  activerecord (4.1.0) lib/active_record/connection_handling.rb:113:in `retrieve_connection'
  activerecord (4.1.0) lib/active_record/connection_handling.rb:87:in `connection'
  activerecord (4.1.0) lib/active_record/migration.rb:388:in `check_pending!'
  activerecord (4.1.0) lib/active_record/migration.rb:377:in `call'
  actionpack (4.1.0) lib/action_dispatch/middleware/callbacks.rb:29:in `block in call'
  activesupport (4.1.0) lib/active_support/callbacks.rb:82:in `run_callbacks'
  actionpack (4.1.0) lib/action_dispatch/middleware/callbacks.rb:27:in `call'
  actionpack (4.1.0) lib/action_dispatch/middleware/reloader.rb:73:in `call'
  actionpack (4.1.0) lib/action_dispatch/middleware/remote_ip.rb:76:in `call'
  actionpack (4.1.0) lib/action_dispatch/middleware/debug_exceptions.rb:17:in `call'
  actionpack (4.1.0) lib/action_dispatch/middleware/show_exceptions.rb:30:in `call'
  railties (4.1.0) lib/rails/rack/logger.rb:38:in `call_app'
  railties (4.1.0) lib/rails/rack/logger.rb:20:in `block in call'
  activesupport (4.1.0) lib/active_support/tagged_logging.rb:68:in `block in tagged'
  activesupport (4.1.0) lib/active_support/tagged_logging.rb:26:in `tagged'
  activesupport (4.1.0) lib/active_support/tagged_logging.rb:68:in `tagged'
  railties (4.1.0) lib/rails/rack/logger.rb:20:in `call'
  actionpack (4.1.0) lib/action_dispatch/middleware/request_id.rb:21:in `call'
  rack (1.5.2) lib/rack/methodoverride.rb:21:in `call'
  rack (1.5.2) lib/rack/runtime.rb:17:in `call'
  activesupport (4.1.0) lib/active_support/cache/strategy/local_cache_middleware.rb:26:in `call'
  rack (1.5.2) lib/rack/lock.rb:17:in `call'
  actionpack (4.1.0) lib/action_dispatch/middleware/static.rb:64:in `call'
  rack (1.5.2) lib/rack/sendfile.rb:112:in `call'
  railties (4.1.0) lib/rails/engine.rb:514:in `call'
  railties (4.1.0) lib/rails/application.rb:144:in `call'
  rack (1.5.2) lib/rack/lock.rb:17:in `call'
  rack (1.5.2) lib/rack/content_length.rb:14:in `call'
  rack (1.5.2) lib/rack/handler/webrick.rb:60:in `service'
  /home/action/.parts/packages/ruby2.1/2.1.1/lib/ruby/2.1.0/webrick/httpserver.rb:138:in `service'
  /home/action/.parts/packages/ruby2.1/2.1.1/lib/ruby/2.1.0/webrick/httpserver.rb:94:in `run'
  /home/action/.parts/packages/ruby2.1/2.1.1/lib/ruby/2.1.0/webrick/server.rb:295:in `block in start_thread'


  Rendered /home/action/.gem/ruby/2.1.1/gems/actionpack-4.1.0/lib/action_dispatch/middleware/templates/rescues/_source.erb (0.8ms)
  Rendered /home/action/.gem/ruby/2.1.1/gems/actionpack-4.1.0/lib/action_dispatch/middleware/templates/rescues/_trace.html.erb (1.4ms)
  Rendered /home/action/.gem/ruby/2.1.1/gems/actionpack-4.1.0/lib/action_dispatch/middleware/templates/rescues/_request_and_response.html.erb (1.1ms)
  Rendered /home/action/.gem/ruby/2.1.1/gems/actionpack-4.1.0/lib/action_dispatch/middleware/templates/rescues/diagnostics.erb within rescues/layout (40.4ms)


Started GET "/" for 81.56.115.98 at 2015-04-06 19:19:27 +0000
  [1m[36mActiveRecord::SchemaMigration Load (10.5ms)[0m  [1mSELECT `schema_migrations`.* FROM `schema_migrations`[0m
Processing by ArticlesController#index as HTML
  [1m[35mArticle Load (15.4ms)[0m  SELECT `articles`.* FROM `articles`
  Rendered articles/index.html.erb within layouts/application (27.8ms)
Completed 200 OK in 476ms (Views: 409.2ms | ActiveRecord: 17.1ms)


Started GET "/assets/articles.css?body=1" for 81.56.115.98 at 2015-04-06 19:19:28 +0000


Started GET "/assets/comments.css?body=1" for 81.56.115.98 at 2015-04-06 19:19:28 +0000


Started GET "/assets/scaffolds.css?body=1" for 81.56.115.98 at 2015-04-06 19:19:28 +0000


Started GET "/assets/users.css?body=1" for 81.56.115.98 at 2015-04-06 19:19:28 +0000


Started GET "/assets/application.css?body=1" for 81.56.115.98 at 2015-04-06 19:19:28 +0000


Started GET "/assets/jquery_ujs.js?body=1" for 81.56.115.98 at 2015-04-06 19:19:28 +0000


Started GET "/assets/jquery.js?body=1" for 81.56.115.98 at 2015-04-06 19:19:28 +0000


Started GET "/assets/comments.js?body=1" for 81.56.115.98 at 2015-04-06 19:19:28 +0000


Started GET "/assets/turbolinks.js?body=1" for 81.56.115.98 at 2015-04-06 19:19:28 +0000


Started GET "/assets/articles.js?body=1" for 81.56.115.98 at 2015-04-06 19:19:28 +0000


Started GET "/assets/users.js?body=1" for 81.56.115.98 at 2015-04-06 19:19:28 +0000


Started GET "/assets/application.js?body=1" for 81.56.115.98 at 2015-04-06 19:19:28 +0000


Started GET "/articles/1" for 81.56.115.98 at 2015-04-06 19:19:39 +0000
Processing by ArticlesController#show as HTML
  Parameters: {"id"=>"1"}
  [1m[36mArticle Load (0.6ms)[0m  [1mSELECT  `articles`.* FROM `articles`  WHERE `articles`.`id` = 1 LIMIT 1[0m
  Rendered articles/show.html.erb within layouts/application (1.0ms)
Completed 200 OK in 79ms (Views: 76.4ms | ActiveRecord: 0.6ms)


Started GET "/articles" for 81.56.115.98 at 2015-04-06 19:19:42 +0000
Processing by ArticlesController#index as HTML
  [1m[35mArticle Load (0.4ms)[0m  SELECT `articles`.* FROM `articles`
  Rendered articles/index.html.erb within layouts/application (2.8ms)
Completed 200 OK in 76ms (Views: 75.3ms | ActiveRecord: 0.4ms)


Started GET "/" for 81.56.115.98 at 2015-04-06 19:19:45 +0000
Processing by ArticlesController#index as HTML
  [1m[36mArticle Load (0.3ms)[0m  [1mSELECT `articles`.* FROM `articles`[0m
  Rendered articles/index.html.erb within layouts/application (2.0ms)
Completed 200 OK in 93ms (Views: 92.3ms | ActiveRecord: 0.3ms)


Started GET "/comments" for 81.56.115.98 at 2015-04-06 19:19:53 +0000

SyntaxError (/home/action/workspace/nitrousapp/app/controllers/comments_controller.rb:82: syntax error, unexpected end-of-input, expecting keyword_end):
  activesupport (4.1.0) lib/active_support/dependencies.rb:443:in `load'
  activesupport (4.1.0) lib/active_support/dependencies.rb:443:in `block in load_file'
  activesupport (4.1.0) lib/active_support/dependencies.rb:633:in `new_constants_in'
  activesupport (4.1.0) lib/active_support/dependencies.rb:442:in `load_file'
  activesupport (4.1.0) lib/active_support/dependencies.rb:342:in `require_or_load'
  activesupport (4.1.0) lib/active_support/dependencies.rb:480:in `load_missing_constant'
  activesupport (4.1.0) lib/active_support/dependencies.rb:180:in `const_missing'
  activesupport (4.1.0) lib/active_support/inflector/methods.rb:238:in `const_get'
  activesupport (4.1.0) lib/active_support/inflector/methods.rb:238:in `block in constantize'
  activesupport (4.1.0) lib/active_support/inflector/methods.rb:236:in `each'
  activesupport (4.1.0) lib/active_support/inflector/methods.rb:236:in `inject'
  activesupport (4.1.0) lib/active_support/inflector/methods.rb:236:in `constantize'
  activesupport (4.1.0) lib/active_support/dependencies.rb:552:in `get'
  activesupport (4.1.0) lib/active_support/dependencies.rb:583:in `constantize'
  actionpack (4.1.0) lib/action_dispatch/routing/route_set.rb:76:in `controller_reference'
  actionpack (4.1.0) lib/action_dispatch/routing/route_set.rb:66:in `controller'
  actionpack (4.1.0) lib/action_dispatch/routing/route_set.rb:44:in `call'
  actionpack (4.1.0) lib/action_dispatch/journey/router.rb:71:in `block in call'
  actionpack (4.1.0) lib/action_dispatch/journey/router.rb:59:in `each'
  actionpack (4.1.0) lib/action_dispatch/journey/router.rb:59:in `call'
  actionpack (4.1.0) lib/action_dispatch/routing/route_set.rb:676:in `call'
  rack (1.5.2) lib/rack/etag.rb:23:in `call'
  rack (1.5.2) lib/rack/conditionalget.rb:25:in `call'
  rack (1.5.2) lib/rack/head.rb:11:in `call'
  actionpack (4.1.0) lib/action_dispatch/middleware/params_parser.rb:27:in `call'
  actionpack (4.1.0) lib/action_dispatch/middleware/flash.rb:254:in `call'
  rack (1.5.2) lib/rack/session/abstract/id.rb:225:in `context'
  rack (1.5.2) lib/rack/session/abstract/id.rb:220:in `call'
  actionpack (4.1.0) lib/action_dispatch/middleware/cookies.rb:560:in `call'
  activerecord (4.1.0) lib/active_record/query_cache.rb:36:in `call'
  activerecord (4.1.0) lib/active_record/connection_adapters/abstract/connection_pool.rb:621:in `call'
  activerecord (4.1.0) lib/active_record/migration.rb:380:in `call'
  actionpack (4.1.0) lib/action_dispatch/middleware/callbacks.rb:29:in `block in call'
  activesupport (4.1.0) lib/active_support/callbacks.rb:82:in `run_callbacks'
  actionpack (4.1.0) lib/action_dispatch/middleware/callbacks.rb:27:in `call'
  actionpack (4.1.0) lib/action_dispatch/middleware/reloader.rb:73:in `call'
  actionpack (4.1.0) lib/action_dispatch/middleware/remote_ip.rb:76:in `call'
  actionpack (4.1.0) lib/action_dispatch/middleware/debug_exceptions.rb:17:in `call'
  actionpack (4.1.0) lib/action_dispatch/middleware/show_exceptions.rb:30:in `call'
  railties (4.1.0) lib/rails/rack/logger.rb:38:in `call_app'
  railties (4.1.0) lib/rails/rack/logger.rb:20:in `block in call'
  activesupport (4.1.0) lib/active_support/tagged_logging.rb:68:in `block in tagged'
  activesupport (4.1.0) lib/active_support/tagged_logging.rb:26:in `tagged'
  activesupport (4.1.0) lib/active_support/tagged_logging.rb:68:in `tagged'
  railties (4.1.0) lib/rails/rack/logger.rb:20:in `call'
  actionpack (4.1.0) lib/action_dispatch/middleware/request_id.rb:21:in `call'
  rack (1.5.2) lib/rack/methodoverride.rb:21:in `call'
  rack (1.5.2) lib/rack/runtime.rb:17:in `call'
  activesupport (4.1.0) lib/active_support/cache/strategy/local_cache_middleware.rb:26:in `call'
  rack (1.5.2) lib/rack/lock.rb:17:in `call'
  actionpack (4.1.0) lib/action_dispatch/middleware/static.rb:64:in `call'
  rack (1.5.2) lib/rack/sendfile.rb:112:in `call'
  railties (4.1.0) lib/rails/engine.rb:514:in `call'
  railties (4.1.0) lib/rails/application.rb:144:in `call'
  rack (1.5.2) lib/rack/lock.rb:17:in `call'
  rack (1.5.2) lib/rack/content_length.rb:14:in `call'
  rack (1.5.2) lib/rack/handler/webrick.rb:60:in `service'
  /home/action/.parts/packages/ruby2.1/2.1.1/lib/ruby/2.1.0/webrick/httpserver.rb:138:in `service'
  /home/action/.parts/packages/ruby2.1/2.1.1/lib/ruby/2.1.0/webrick/httpserver.rb:94:in `run'
  /home/action/.parts/packages/ruby2.1/2.1.1/lib/ruby/2.1.0/webrick/server.rb:295:in `block in start_thread'


  Rendered /home/action/.gem/ruby/2.1.1/gems/actionpack-4.1.0/lib/action_dispatch/middleware/templates/rescues/_source.erb (0.6ms)
  Rendered /home/action/.gem/ruby/2.1.1/gems/actionpack-4.1.0/lib/action_dispatch/middleware/templates/rescues/_trace.html.erb (1.5ms)
  Rendered /home/action/.gem/ruby/2.1.1/gems/actionpack-4.1.0/lib/action_dispatch/middleware/templates/rescues/_request_and_response.html.erb (1.2ms)
  Rendered /home/action/.gem/ruby/2.1.1/gems/actionpack-4.1.0/lib/action_dispatch/middleware/templates/rescues/diagnostics.erb within rescues/layout (25.7ms)


Started GET "/articles" for 81.56.115.98 at 2015-04-06 19:20:04 +0000
Processing by ArticlesController#index as HTML
  [1m[35mArticle Load (0.4ms)[0m  SELECT `articles`.* FROM `articles`
  Rendered articles/index.html.erb within layouts/application (2.2ms)
Completed 200 OK in 66ms (Views: 64.8ms | ActiveRecord: 0.4ms)


Started GET "/articles/3" for 81.56.115.98 at 2015-04-06 19:20:09 +0000
Processing by ArticlesController#show as HTML
  Parameters: {"id"=>"3"}
  [1m[36mArticle Load (0.3ms)[0m  [1mSELECT  `articles`.* FROM `articles`  WHERE `articles`.`id` = 3 LIMIT 1[0m
  Rendered articles/show.html.erb within layouts/application (0.4ms)
Completed 200 OK in 71ms (Views: 69.4ms | ActiveRecord: 0.3ms)


Started GET "/articles" for 81.56.115.98 at 2015-04-06 19:20:14 +0000
Processing by ArticlesController#index as HTML
  [1m[35mArticle Load (0.3ms)[0m  SELECT `articles`.* FROM `articles`
  Rendered articles/index.html.erb within layouts/application (1.9ms)
Completed 200 OK in 64ms (Views: 62.9ms | ActiveRecord: 0.3ms)


Started GET "/" for 31.186.238.49 at 2015-04-21 14:06:44 +0000
  [1m[36mActiveRecord::SchemaMigration Load (42.8ms)[0m  [1mSELECT `schema_migrations`.* FROM `schema_migrations`[0m
Processing by ArticlesController#index as HTML
  [1m[35mArticle Load (12.6ms)[0m  SELECT `articles`.* FROM `articles`
  Rendered articles/index.html.erb within layouts/application (60.1ms)
Completed 200 OK in 477ms (Views: 409.9ms | ActiveRecord: 16.3ms)


Started GET "/assets/articles.css?body=1" for 31.186.238.49 at 2015-04-21 14:06:47 +0000


Started GET "/assets/comments.css?body=1" for 31.186.238.49 at 2015-04-21 14:06:47 +0000


Started GET "/assets/users.css?body=1" for 31.186.238.49 at 2015-04-21 14:06:47 +0000


Started GET "/assets/scaffolds.css?body=1" for 31.186.238.49 at 2015-04-21 14:06:47 +0000


Started GET "/assets/turbolinks.js?body=1" for 31.186.238.49 at 2015-04-21 14:06:47 +0000


Started GET "/assets/comments.js?body=1" for 31.186.238.49 at 2015-04-21 14:06:47 +0000


Started GET "/assets/articles.js?body=1" for 31.186.238.49 at 2015-04-21 14:06:47 +0000


Started GET "/assets/application.css?body=1" for 31.186.238.49 at 2015-04-21 14:06:47 +0000


Started GET "/assets/jquery.js?body=1" for 31.186.238.49 at 2015-04-21 14:06:47 +0000


Started GET "/assets/application.js?body=1" for 31.186.238.49 at 2015-04-21 14:06:47 +0000


Started GET "/assets/jquery_ujs.js?body=1" for 31.186.238.49 at 2015-04-21 14:06:47 +0000


Started GET "/assets/users.js?body=1" for 31.186.238.49 at 2015-04-21 14:06:47 +0000


Started GET "/articles/1" for 31.186.238.49 at 2015-04-21 14:06:55 +0000
Processing by ArticlesController#show as HTML
  Parameters: {"id"=>"1"}
  [1m[36mArticle Load (0.6ms)[0m  [1mSELECT  `articles`.* FROM `articles`  WHERE `articles`.`id` = 1 LIMIT 1[0m
  Rendered articles/show.html.erb within layouts/application (0.9ms)
Completed 200 OK in 74ms (Views: 70.5ms | ActiveRecord: 0.6ms)


Started GET "/articles/1/edit" for 31.186.238.49 at 2015-04-21 14:06:56 +0000
Processing by ArticlesController#edit as HTML
  Parameters: {"id"=>"1"}
  [1m[35mArticle Load (0.4ms)[0m  SELECT  `articles`.* FROM `articles`  WHERE `articles`.`id` = 1 LIMIT 1
  Rendered articles/_form.html.erb (90.2ms)
  Rendered articles/edit.html.erb within layouts/application (97.6ms)
Completed 200 OK in 182ms (Views: 178.5ms | ActiveRecord: 0.4ms)


Started GET "/articles" for 31.186.238.49 at 2015-04-21 14:06:58 +0000
Processing by ArticlesController#index as HTML
  [1m[36mArticle Load (0.4ms)[0m  [1mSELECT `articles`.* FROM `articles`[0m
  Rendered articles/index.html.erb within layouts/application (2.6ms)
Completed 200 OK in 68ms (Views: 67.0ms | ActiveRecord: 0.4ms)
  [1m[36mActiveRecord::SchemaMigration Load (42.4ms)[0m  [1mSELECT `schema_migrations`.* FROM `schema_migrations`[0m
Migrating to AddAttachmentImageToArticles (20150424141424)
  [1m[35m (290.2ms)[0m  ALTER TABLE `articles` ADD `image_file_name` varchar(255)
  [1m[36m (88.3ms)[0m  [1mALTER TABLE `articles` ADD `image_content_type` varchar(255)[0m
  [1m[35m (119.8ms)[0m  ALTER TABLE `articles` ADD `image_file_size` int(11)
  [1m[36m (106.0ms)[0m  [1mALTER TABLE `articles` ADD `image_updated_at` datetime[0m
  [1m[35m (1.7ms)[0m  BEGIN
  [1m[36mSQL (5.8ms)[0m  [1mINSERT INTO `schema_migrations` (`version`) VALUES ('20150424141424')[0m
  [1m[35m (9.7ms)[0m  COMMIT
  [1m[36mActiveRecord::SchemaMigration Load (0.3ms)[0m  [1mSELECT `schema_migrations`.* FROM `schema_migrations`[0m


Started GET "/" for 31.186.238.49 at 2015-04-24 14:19:16 +0000
  [1m[36mActiveRecord::SchemaMigration Load (0.2ms)[0m  [1mSELECT `schema_migrations`.* FROM `schema_migrations`[0m
Processing by ArticlesController#index as HTML
Completed 500 Internal Server Error in 78ms

NoMethodError (undefined method `hasç_attached_file' for #<Class:0x007f9096f161d8>):
  app/models/article.rb:3:in `<class:Article>'
  app/models/article.rb:1:in `<top (required)>'
  app/controllers/articles_controller.rb:11:in `index'


  Rendered /home/action/.gem/ruby/2.1.1/gems/actionpack-4.1.0/lib/action_dispatch/middleware/templates/rescues/_source.erb (0.9ms)
  Rendered /home/action/.gem/ruby/2.1.1/gems/actionpack-4.1.0/lib/action_dispatch/middleware/templates/rescues/_trace.html.erb (1.6ms)
  Rendered /home/action/.gem/ruby/2.1.1/gems/actionpack-4.1.0/lib/action_dispatch/middleware/templates/rescues/_request_and_response.html.erb (1.3ms)
  Rendered /home/action/.gem/ruby/2.1.1/gems/actionpack-4.1.0/lib/action_dispatch/middleware/templates/rescues/diagnostics.erb within rescues/layout (33.8ms)


Started GET "/" for 31.186.238.49 at 2015-04-24 14:19:29 +0000
Processing by ArticlesController#index as HTML
  [1m[35mArticle Load (0.5ms)[0m  SELECT `articles`.* FROM `articles`
  Rendered articles/index.html.erb within layouts/application (12.5ms)
Completed 200 OK in 3320ms (Views: 3313.4ms | ActiveRecord: 2.0ms)


Started GET "/assets/articles.css?body=1" for 31.186.238.49 at 2015-04-24 14:19:33 +0000


Started GET "/assets/users.css?body=1" for 31.186.238.49 at 2015-04-24 14:19:33 +0000


Started GET "/assets/application.css?body=1" for 31.186.238.49 at 2015-04-24 14:19:33 +0000


Started GET "/assets/jquery.js?body=1" for 31.186.238.49 at 2015-04-24 14:19:33 +0000


Started GET "/assets/comments.css?body=1" for 31.186.238.49 at 2015-04-24 14:19:33 +0000


Started GET "/assets/scaffolds.css?body=1" for 31.186.238.49 at 2015-04-24 14:19:33 +0000


Started GET "/assets/turbolinks.js?body=1" for 31.186.238.49 at 2015-04-24 14:19:33 +0000


Started GET "/assets/jquery_ujs.js?body=1" for 31.186.238.49 at 2015-04-24 14:19:33 +0000


Started GET "/assets/articles.js?body=1" for 31.186.238.49 at 2015-04-24 14:19:33 +0000


Started GET "/assets/users.js?body=1" for 31.186.238.49 at 2015-04-24 14:19:33 +0000


Started GET "/assets/comments.js?body=1" for 31.186.238.49 at 2015-04-24 14:19:33 +0000


Started GET "/assets/application.js?body=1" for 31.186.238.49 at 2015-04-24 14:19:33 +0000


Started GET "/articles/new" for 31.186.238.49 at 2015-04-24 14:19:37 +0000
Processing by ArticlesController#new as HTML
  Rendered articles/_form.html.erb (1.4ms)
  Rendered articles/new.html.erb within layouts/application (19.4ms)
Completed 500 Internal Server Error in 24ms

SyntaxError (/home/action/workspace/nitrousapp/app/views/articles/_form.html.erb:1: syntax error, unexpected =>, expecting keyword_end
...=  form_for(@article), :html => { :multipart => true } do |f...
...                               ^
/home/action/workspace/nitrousapp/app/views/articles/_form.html.erb:1: syntax error, unexpected keyword_do_block, expecting keyword_end
...ml => { :multipart => true } do |f| @output_buffer.safe_appe...
...                               ^
/home/action/workspace/nitrousapp/app/views/articles/_form.html.erb:35: syntax error, unexpected keyword_ensure, expecting end-of-input):
  app/views/articles/new.html.erb:3:in `_app_views_articles_new_html_erb__1074965417687657992_70129497966460'


  Rendered /home/action/.gem/ruby/2.1.1/gems/actionpack-4.1.0/lib/action_dispatch/middleware/templates/rescues/_source.erb (0.9ms)
  Rendered /home/action/.gem/ruby/2.1.1/gems/actionpack-4.1.0/lib/action_dispatch/middleware/templates/rescues/_trace.html.erb (1.9ms)
  Rendered /home/action/.gem/ruby/2.1.1/gems/actionpack-4.1.0/lib/action_dispatch/middleware/templates/rescues/_request_and_response.html.erb (1.0ms)
  Rendered /home/action/.gem/ruby/2.1.1/gems/actionpack-4.1.0/lib/action_dispatch/middleware/templates/rescues/diagnostics.erb within rescues/layout (23.5ms)


Started GET "/articles/new" for 31.186.238.49 at 2015-04-24 14:19:38 +0000
Processing by ArticlesController#new as HTML
  Rendered articles/_form.html.erb (0.9ms)
  Rendered articles/new.html.erb within layouts/application (2.3ms)
Completed 500 Internal Server Error in 5ms

SyntaxError (/home/action/workspace/nitrousapp/app/views/articles/_form.html.erb:1: syntax error, unexpected =>, expecting keyword_end
...=  form_for(@article), :html => { :multipart => true } do |f...
...                               ^
/home/action/workspace/nitrousapp/app/views/articles/_form.html.erb:1: syntax error, unexpected keyword_do_block, expecting keyword_end
...ml => { :multipart => true } do |f| @output_buffer.safe_appe...
...                               ^
/home/action/workspace/nitrousapp/app/views/articles/_form.html.erb:35: syntax error, unexpected keyword_ensure, expecting end-of-input):
  app/views/articles/new.html.erb:3:in `_app_views_articles_new_html_erb__1074965417687657992_70129491772860'


  Rendered /home/action/.gem/ruby/2.1.1/gems/actionpack-4.1.0/lib/action_dispatch/middleware/templates/rescues/_source.erb (0.8ms)
  Rendered /home/action/.gem/ruby/2.1.1/gems/actionpack-4.1.0/lib/action_dispatch/middleware/templates/rescues/_trace.html.erb (1.7ms)
  Rendered /home/action/.gem/ruby/2.1.1/gems/actionpack-4.1.0/lib/action_dispatch/middleware/templates/rescues/_request_and_response.html.erb (1.0ms)
  Rendered /home/action/.gem/ruby/2.1.1/gems/actionpack-4.1.0/lib/action_dispatch/middleware/templates/rescues/diagnostics.erb within rescues/layout (22.0ms)


Started GET "/articles/new" for 31.186.238.49 at 2015-04-24 14:21:03 +0000
Processing by ArticlesController#new as HTML
  Rendered articles/_form.html.erb (326.0ms)
  Rendered articles/new.html.erb within layouts/application (327.4ms)
Completed 200 OK in 421ms (Views: 420.2ms | ActiveRecord: 0.0ms)


Started GET "/assets/articles.css?body=1" for 31.186.238.49 at 2015-04-24 14:21:04 +0000


Started GET "/assets/scaffolds.css?body=1" for 31.186.238.49 at 2015-04-24 14:21:04 +0000


Started GET "/assets/users.css?body=1" for 31.186.238.49 at 2015-04-24 14:21:04 +0000


Started GET "/assets/application.css?body=1" for 31.186.238.49 at 2015-04-24 14:21:04 +0000


Started GET "/assets/jquery.js?body=1" for 31.186.238.49 at 2015-04-24 14:21:04 +0000


Started GET "/assets/jquery_ujs.js?body=1" for 31.186.238.49 at 2015-04-24 14:21:04 +0000


Started GET "/assets/comments.js?body=1" for 31.186.238.49 at 2015-04-24 14:21:04 +0000


Started GET "/assets/comments.css?body=1" for 31.186.238.49 at 2015-04-24 14:21:04 +0000


Started GET "/assets/users.js?body=1" for 31.186.238.49 at 2015-04-24 14:21:04 +0000


Started GET "/assets/articles.js?body=1" for 31.186.238.49 at 2015-04-24 14:21:04 +0000


Started GET "/assets/turbolinks.js?body=1" for 31.186.238.49 at 2015-04-24 14:21:04 +0000


Started GET "/assets/application.js?body=1" for 31.186.238.49 at 2015-04-24 14:21:04 +0000


Started POST "/articles" for 31.186.238.49 at 2015-04-24 14:22:01 +0000
Processing by ArticlesController#create as HTML
  Parameters: {"utf8"=>"✓", "authenticity_token"=>"VkTQGDCYvM+hsJGeU3cR88TLBcyQ33Uwh3ZFlGjqJ5A=", "article"=>{"title"=>"TestPhoto", "preview"=>"Test premiere photo", "corpse"=>"Hey voici une photo", "image"=>#<ActionDispatch::Http::UploadedFile:0x007f9096b0d190 @tempfile=#<Tempfile:/tmp/RackMultipart20150424-763-xmbb0t>, @original_filename="aArdmpd_700b.jpg", @content_type="image/jpeg", @headers="Content-Disposition: form-data; name=\"article[image]\"; filename=\"aArdmpd_700b.jpg\"\r\nContent-Type: image/jpeg\r\n">}, "commit"=>"Create Article"}
Unpermitted parameters: image
  [1m[36m (0.2ms)[0m  [1mBEGIN[0m
  [1m[35mSQL (27.0ms)[0m  INSERT INTO `articles` (`corpse`, `created_at`, `preview`, `title`, `updated_at`) VALUES ('Hey voici une photo', '2015-04-24 14:22:01', 'Test premiere photo', 'TestPhoto', '2015-04-24 14:22:01')
  [1m[36m (28.8ms)[0m  [1mCOMMIT[0m
Redirected to http://nicobox-1-169480.euw1-2.nitrousbox.com/articles/4
Completed 302 Found in 141ms (ActiveRecord: 58.2ms)


Started GET "/articles/4" for 31.186.238.49 at 2015-04-24 14:22:01 +0000
Processing by ArticlesController#show as HTML
  Parameters: {"id"=>"4"}
  [1m[35mArticle Load (103.8ms)[0m  SELECT  `articles`.* FROM `articles`  WHERE `articles`.`id` = 4 LIMIT 1
  Rendered articles/show.html.erb within layouts/application (7.6ms)
Completed 200 OK in 210ms (Views: 102.8ms | ActiveRecord: 103.8ms)


Started GET "/assets/articles.css?body=1" for 31.186.238.49 at 2015-04-24 14:22:02 +0000


Started GET "/assets/comments.css?body=1" for 31.186.238.49 at 2015-04-24 14:22:02 +0000


Started GET "/assets/scaffolds.css?body=1" for 31.186.238.49 at 2015-04-24 14:22:02 +0000


Started GET "/assets/users.css?body=1" for 31.186.238.49 at 2015-04-24 14:22:02 +0000


Started GET "/assets/application.css?body=1" for 31.186.238.49 at 2015-04-24 14:22:02 +0000


Started GET "/assets/jquery.js?body=1" for 31.186.238.49 at 2015-04-24 14:22:02 +0000


Started GET "/assets/jquery_ujs.js?body=1" for 31.186.238.49 at 2015-04-24 14:22:02 +0000


Started GET "/assets/application.js?body=1" for 31.186.238.49 at 2015-04-24 14:22:02 +0000


Started GET "/assets/turbolinks.js?body=1" for 31.186.238.49 at 2015-04-24 14:22:02 +0000


Started GET "/assets/articles.js?body=1" for 31.186.238.49 at 2015-04-24 14:22:02 +0000


Started GET "/assets/users.js?body=1" for 31.186.238.49 at 2015-04-24 14:22:02 +0000


Started GET "/assets/comments.js?body=1" for 31.186.238.49 at 2015-04-24 14:22:02 +0000


Started GET "/articles" for 31.186.238.49 at 2015-04-24 14:23:15 +0000
Processing by ArticlesController#index as HTML
  [1m[36mArticle Load (0.4ms)[0m  [1mSELECT `articles`.* FROM `articles`[0m
  Rendered articles/index.html.erb within layouts/application (3.3ms)
Completed 200 OK in 92ms (Views: 90.8ms | ActiveRecord: 0.4ms)


Started GET "/articles/4" for 31.186.238.49 at 2015-04-24 14:23:17 +0000
Processing by ArticlesController#show as HTML
  Parameters: {"id"=>"4"}
  [1m[35mArticle Load (0.3ms)[0m  SELECT  `articles`.* FROM `articles`  WHERE `articles`.`id` = 4 LIMIT 1
  Rendered articles/show.html.erb within layouts/application (2.1ms)
Completed 200 OK in 90ms (Views: 88.6ms | ActiveRecord: 0.3ms)


Started GET "/images/original/missing.png" for 31.186.238.49 at 2015-04-24 14:23:17 +0000

ActionController::RoutingError (No route matches [GET] "/images/original/missing.png"):
  actionpack (4.1.0) lib/action_dispatch/middleware/debug_exceptions.rb:21:in `call'
  actionpack (4.1.0) lib/action_dispatch/middleware/show_exceptions.rb:30:in `call'
  railties (4.1.0) lib/rails/rack/logger.rb:38:in `call_app'
  railties (4.1.0) lib/rails/rack/logger.rb:20:in `block in call'
  activesupport (4.1.0) lib/active_support/tagged_logging.rb:68:in `block in tagged'
  activesupport (4.1.0) lib/active_support/tagged_logging.rb:26:in `tagged'
  activesupport (4.1.0) lib/active_support/tagged_logging.rb:68:in `tagged'
  railties (4.1.0) lib/rails/rack/logger.rb:20:in `call'
  actionpack (4.1.0) lib/action_dispatch/middleware/request_id.rb:21:in `call'
  rack (1.5.2) lib/rack/methodoverride.rb:21:in `call'
  rack (1.5.2) lib/rack/runtime.rb:17:in `call'
  activesupport (4.1.0) lib/active_support/cache/strategy/local_cache_middleware.rb:26:in `call'
  rack (1.5.2) lib/rack/lock.rb:17:in `call'
  actionpack (4.1.0) lib/action_dispatch/middleware/static.rb:64:in `call'
  rack (1.5.2) lib/rack/sendfile.rb:112:in `call'
  railties (4.1.0) lib/rails/engine.rb:514:in `call'
  railties (4.1.0) lib/rails/application.rb:144:in `call'
  rack (1.5.2) lib/rack/lock.rb:17:in `call'
  rack (1.5.2) lib/rack/content_length.rb:14:in `call'
  rack (1.5.2) lib/rack/handler/webrick.rb:60:in `service'
  /home/action/.parts/packages/ruby2.1/2.1.1/lib/ruby/2.1.0/webrick/httpserver.rb:138:in `service'
  /home/action/.parts/packages/ruby2.1/2.1.1/lib/ruby/2.1.0/webrick/httpserver.rb:94:in `run'
  /home/action/.parts/packages/ruby2.1/2.1.1/lib/ruby/2.1.0/webrick/server.rb:295:in `block in start_thread'


  Rendered /home/action/.gem/ruby/2.1.1/gems/actionpack-4.1.0/lib/action_dispatch/middleware/templates/rescues/_trace.html.erb (1.0ms)
  Rendered /home/action/.gem/ruby/2.1.1/gems/actionpack-4.1.0/lib/action_dispatch/middleware/templates/routes/_route.html.erb (2.7ms)
  Rendered /home/action/.gem/ruby/2.1.1/gems/actionpack-4.1.0/lib/action_dispatch/middleware/templates/routes/_table.html.erb (7.3ms)
  Rendered /home/action/.gem/ruby/2.1.1/gems/actionpack-4.1.0/lib/action_dispatch/middleware/templates/rescues/routing_error.html.erb within rescues/layout (96.4ms)


Started GET "/articles/4" for 31.186.238.49 at 2015-04-24 14:23:27 +0000
Processing by ArticlesController#show as HTML
  Parameters: {"id"=>"4"}
  [1m[36mArticle Load (0.4ms)[0m  [1mSELECT  `articles`.* FROM `articles`  WHERE `articles`.`id` = 4 LIMIT 1[0m
  Rendered articles/show.html.erb within layouts/application (2.0ms)
Completed 200 OK in 98ms (Views: 95.5ms | ActiveRecord: 0.4ms)


Started GET "/assets/articles.css?body=1" for 31.186.238.49 at 2015-04-24 14:23:27 +0000


Started GET "/assets/users.css?body=1" for 31.186.238.49 at 2015-04-24 14:23:27 +0000


Started GET "/assets/scaffolds.css?body=1" for 31.186.238.49 at 2015-04-24 14:23:27 +0000


Started GET "/assets/comments.css?body=1" for 31.186.238.49 at 2015-04-24 14:23:27 +0000


Started GET "/assets/application.css?body=1" for 31.186.238.49 at 2015-04-24 14:23:27 +0000


Started GET "/assets/jquery_ujs.js?body=1" for 31.186.238.49 at 2015-04-24 14:23:27 +0000


Started GET "/assets/turbolinks.js?body=1" for 31.186.238.49 at 2015-04-24 14:23:27 +0000


Started GET "/assets/articles.js?body=1" for 31.186.238.49 at 2015-04-24 14:23:27 +0000


Started GET "/assets/jquery.js?body=1" for 31.186.238.49 at 2015-04-24 14:23:27 +0000


Started GET "/assets/comments.js?body=1" for 31.186.238.49 at 2015-04-24 14:23:27 +0000


Started GET "/assets/users.js?body=1" for 31.186.238.49 at 2015-04-24 14:23:27 +0000


Started GET "/assets/application.js?body=1" for 31.186.238.49 at 2015-04-24 14:23:27 +0000


Started GET "/images/original/missing.png" for 31.186.238.49 at 2015-04-24 14:23:27 +0000

ActionController::RoutingError (No route matches [GET] "/images/original/missing.png"):
  actionpack (4.1.0) lib/action_dispatch/middleware/debug_exceptions.rb:21:in `call'
  actionpack (4.1.0) lib/action_dispatch/middleware/show_exceptions.rb:30:in `call'
  railties (4.1.0) lib/rails/rack/logger.rb:38:in `call_app'
  railties (4.1.0) lib/rails/rack/logger.rb:20:in `block in call'
  activesupport (4.1.0) lib/active_support/tagged_logging.rb:68:in `block in tagged'
  activesupport (4.1.0) lib/active_support/tagged_logging.rb:26:in `tagged'
  activesupport (4.1.0) lib/active_support/tagged_logging.rb:68:in `tagged'
  railties (4.1.0) lib/rails/rack/logger.rb:20:in `call'
  actionpack (4.1.0) lib/action_dispatch/middleware/request_id.rb:21:in `call'
  rack (1.5.2) lib/rack/methodoverride.rb:21:in `call'
  rack (1.5.2) lib/rack/runtime.rb:17:in `call'
  activesupport (4.1.0) lib/active_support/cache/strategy/local_cache_middleware.rb:26:in `call'
  rack (1.5.2) lib/rack/lock.rb:17:in `call'
  actionpack (4.1.0) lib/action_dispatch/middleware/static.rb:64:in `call'
  rack (1.5.2) lib/rack/sendfile.rb:112:in `call'
  railties (4.1.0) lib/rails/engine.rb:514:in `call'
  railties (4.1.0) lib/rails/application.rb:144:in `call'
  rack (1.5.2) lib/rack/lock.rb:17:in `call'
  rack (1.5.2) lib/rack/content_length.rb:14:in `call'
  rack (1.5.2) lib/rack/handler/webrick.rb:60:in `service'
  /home/action/.parts/packages/ruby2.1/2.1.1/lib/ruby/2.1.0/webrick/httpserver.rb:138:in `service'
  /home/action/.parts/packages/ruby2.1/2.1.1/lib/ruby/2.1.0/webrick/httpserver.rb:94:in `run'
  /home/action/.parts/packages/ruby2.1/2.1.1/lib/ruby/2.1.0/webrick/server.rb:295:in `block in start_thread'


  Rendered /home/action/.gem/ruby/2.1.1/gems/actionpack-4.1.0/lib/action_dispatch/middleware/templates/rescues/_trace.html.erb (1.1ms)
  Rendered /home/action/.gem/ruby/2.1.1/gems/actionpack-4.1.0/lib/action_dispatch/middleware/templates/routes/_route.html.erb (3.6ms)
  Rendered /home/action/.gem/ruby/2.1.1/gems/actionpack-4.1.0/lib/action_dispatch/middleware/templates/routes/_table.html.erb (1.4ms)
  Rendered /home/action/.gem/ruby/2.1.1/gems/actionpack-4.1.0/lib/action_dispatch/middleware/templates/rescues/routing_error.html.erb within rescues/layout (33.5ms)


Started GET "/articles/4" for 31.186.238.49 at 2015-04-24 14:23:49 +0000
Processing by ArticlesController#show as HTML
  Parameters: {"id"=>"4"}
  [1m[35mArticle Load (0.4ms)[0m  SELECT  `articles`.* FROM `articles`  WHERE `articles`.`id` = 4 LIMIT 1
  Rendered articles/show.html.erb within layouts/application (1.6ms)
Completed 200 OK in 101ms (Views: 98.8ms | ActiveRecord: 0.4ms)


Started GET "/assets/articles.css?body=1" for 31.186.238.49 at 2015-04-24 14:23:49 +0000


Started GET "/assets/application.css?body=1" for 31.186.238.49 at 2015-04-24 14:23:49 +0000


Started GET "/assets/users.css?body=1" for 31.186.238.49 at 2015-04-24 14:23:49 +0000


Started GET "/assets/jquery.js?body=1" for 31.186.238.49 at 2015-04-24 14:23:49 +0000


Started GET "/assets/jquery_ujs.js?body=1" for 31.186.238.49 at 2015-04-24 14:23:49 +0000


Started GET "/assets/turbolinks.js?body=1" for 31.186.238.49 at 2015-04-24 14:23:49 +0000


Started GET "/assets/articles.js?body=1" for 31.186.238.49 at 2015-04-24 14:23:49 +0000


Started GET "/assets/comments.css?body=1" for 31.186.238.49 at 2015-04-24 14:23:49 +0000


Started GET "/assets/scaffolds.css?body=1" for 31.186.238.49 at 2015-04-24 14:23:49 +0000


Started GET "/assets/comments.js?body=1" for 31.186.238.49 at 2015-04-24 14:23:49 +0000


Started GET "/assets/application.js?body=1" for 31.186.238.49 at 2015-04-24 14:23:49 +0000


Started GET "/assets/users.js?body=1" for 31.186.238.49 at 2015-04-24 14:23:49 +0000
